\BOOKMARK [1][-]{section.1}{Introductions}{}% 1
\BOOKMARK [2][-]{subsection.1.1}{Course Structure}{section.1}% 2
\BOOKMARK [2][-]{subsection.1.2}{Motivation}{section.1}% 3
\BOOKMARK [2][-]{subsection.1.3}{Classical Theory of Identical Particles I}{section.1}% 4
\BOOKMARK [1][-]{section.2}{Relative Space and Quantization}{}% 5
\BOOKMARK [2][-]{subsection.2.1}{Classical Theory of Identical Particles II}{section.2}% 6
\BOOKMARK [3][-]{subsubsection.2.1.1}{Tangent Vectors}{subsection.2.1}% 7
\BOOKMARK [3][-]{subsubsection.2.1.2}{Parallel Transport in Relative Space}{subsection.2.1}% 8
\BOOKMARK [2][-]{subsection.2.2}{Quantization of Identical Quantum Particles I}{section.2}% 9
\BOOKMARK [2][-]{subsection.2.3}{Quantization of Identical Quantum Particles II}{section.2}% 10
\BOOKMARK [2][-]{subsection.2.4}{Making Momentum Gauge Invariant}{section.2}% 11
\BOOKMARK [3][-]{subsubsection.2.4.1}{Using Parallel Transport}{subsection.2.4}% 12
\BOOKMARK [2][-]{subsection.2.5}{Free Particle in Two Dimensions}{section.2}% 13
\BOOKMARK [2][-]{subsection.2.6}{Particle Statistics}{section.2}% 14
\BOOKMARK [1][-]{section.3}{Fock Space}{}% 15
\BOOKMARK [2][-]{subsection.3.1}{Symmetric and Antisymmetric Representation}{section.3}% 16
\BOOKMARK [2][-]{subsection.3.2}{Antisymmetric/Symmetric Space}{section.3}% 17
\BOOKMARK [2][-]{subsection.3.3}{Definition of Fock Space}{section.3}% 18
\BOOKMARK [2][-]{subsection.3.4}{Dynamics in Fock Space}{section.3}% 19
\BOOKMARK [2][-]{subsection.3.5}{The Number Basis}{section.3}% 20
\BOOKMARK [2][-]{subsection.3.6}{Number Occupation States}{section.3}% 21
\BOOKMARK [2][-]{subsection.3.7}{Dimension of HsN}{section.3}% 22
\BOOKMARK [2][-]{subsection.3.8}{Creation and Annihilation Operators}{section.3}% 23
\BOOKMARK [1][-]{section.4}{Canonical \(Anti\)-Commutation Relations}{}% 24
\BOOKMARK [2][-]{subsection.4.1}{Annihilation Operator, Notation, and Matrix Elements}{section.4}% 25
\BOOKMARK [2][-]{subsection.4.2}{Jordan-Wigner Transform}{section.4}% 26
\BOOKMARK [2][-]{subsection.4.3}{The CCR/CAR Algebra}{section.4}% 27
\BOOKMARK [2][-]{subsection.4.4}{Hamiltonians in terms of Creation \046 Annihilation Operators}{section.4}% 28
\BOOKMARK [3][-]{subsubsection.4.4.1}{Simplest Dynamics}{subsection.4.4}% 29
\BOOKMARK [3][-]{subsubsection.4.4.2}{Non-Interacting Dynamics}{subsection.4.4}% 30
\BOOKMARK [3][-]{subsubsection.4.4.3}{Interacting Dynamics}{subsection.4.4}% 31
\BOOKMARK [2][-]{subsection.4.5}{Nonrelativistic Quantum Fields}{section.4}% 32
\BOOKMARK [1][-]{section.5}{Examples of Multi-Particle Systems}{}% 33
\BOOKMARK [2][-]{subsection.5.1}{Dilute Neutral Atomic Gas}{section.5}% 34
\BOOKMARK [3][-]{subsubsection.5.1.1}{Variational Method}{subsection.5.1}% 35
\BOOKMARK [3][-]{subsubsection.5.1.2}{Bose-Hubbard Model}{subsection.5.1}% 36
\BOOKMARK [3][-]{subsubsection.5.1.3}{Coherent States for Quantum Fields}{subsection.5.1}% 37
